#
# A fatal error has been detected by the Java Runtime Environment:
#
#  SIGSEGV (0xb) at pc=0x000000010fdd477d, pid=14862, tid=17155
#
# JRE version: OpenJDK Runtime Environment (15.0.2+7) (build 15.0.2+7-27)
# Java VM: OpenJDK 64-Bit Server VM (15.0.2+7-27, mixed mode, tiered, compressed oops, g1 gc, bsd-amd64)
# Problematic frame:
# V  [libjvm.dylib+0x7d477d]  Method::jmethod_id()+0xed
#
# No core dump will be written. Core dumps have been disabled. To enable core dumping, try "ulimit -c unlimited" before starting Java again
#
# If you would like to submit a bug report, please visit:
#   https://bugreport.java.com/bugreport/crash.jsp
#

---------------  S U M M A R Y ------------

Command Line: -XX:+ShowCodeDetailsInExceptionMessages -agentlib:jdwp=transport=dt_socket,suspend=y,address=localhost:49745 -javaagent:/Users/student/eclipse/jee-2020-12/Eclipse.app/Contents/Eclipse/configuration/org.eclipse.osgi/398/0/.cp/lib/javaagent-shaded.jar -Dfile.encoding=UTF-8 codePractice.BoardBattleShip

Host: MacBookAir8,2 x86_64 1600 MHz, 4 cores, 8G, Darwin 19.6.0
Time: Tue Mar 30 11:23:37 2021 EDT elapsed time: 27861.356715 seconds (0d 7h 44m 21s)

---------------  T H R E A D  ---------------

Current thread (0x00007fe451c11720):  VMThread "VM Thread" [stack: 0x0000700009df4000,0x0000700009ef4000] [id=17155] _threads_hazard_ptr=0x00007fe451d99080

Stack: [0x0000700009df4000,0x0000700009ef4000],  sp=0x0000700009ef2750,  free space=1017k
Native frames: (J=compiled Java code, A=aot compiled Java code, j=interpreted, Vv=VM code, C=native code)
V  [libjvm.dylib+0x7d477d]  Method::jmethod_id()+0xed
V  [libjvm.dylib+0x66d902]  JvmtiEnvBase::get_stack_trace(JavaThread*, int, int, _jvmtiFrameInfo*, int*)+0x1d2
V  [libjvm.dylib+0x66fb3a]  VM_GetStackTrace::doit()+0x7a
V  [libjvm.dylib+0xa01256]  VM_Operation::evaluate()+0xd6
V  [libjvm.dylib+0xa0b162]  VMThread::evaluate_operation(VM_Operation*)+0x132
V  [libjvm.dylib+0xa0ad40]  VMThread::loop()+0x4b0
V  [libjvm.dylib+0xa0a763]  VMThread::run()+0x73
V  [libjvm.dylib+0x997fa1]  Thread::call_run()+0x71
V  [libjvm.dylib+0x82a037]  thread_native_entry(Thread*)+0x197
C  [libsystem_pthread.dylib+0x6109]  _pthread_start+0x94
C  [libsystem_pthread.dylib+0x1b8b]  thread_start+0xf


siginfo: si_signo: 11 (SIGSEGV), si_code: 1 (SEGV_MAPERR), si_addr: 0x000000ca19578db8

Register to memory mapping:

RAX=0x000000ca19578db0 is an unknown value
RBX=0x00007fe451c0b580 points into unknown readable memory: 0x0000001e00000001 | 01 00 00 00 1e 00 00 00
RCX=0x0000000000000001 is an unknown value
RDX=0x0000200000002000 is an unknown value
RSP=0x0000700009ef2750 points into unknown readable memory: 0x00007000098e1ac8 | c8 1a 8e 09 00 70 00 00
RBP=0x0000700009ef2780 points into unknown readable memory: 0x0000700009ef3a60 | 60 3a ef 09 00 70 00 00
RSI=0x00007fe451c11720 points into unknown readable memory: 0x00000001101c4638 | 38 46 1c 10 01 00 00 00
RDI=0x0000000110201188: _ZN6Thread12_thr_currentE+0 in /Users/student/.p2/pool/plugins/org.eclipse.justj.openjdk.hotspot.jre.full.macosx.x86_64_15.0.2.v20210201-0955/jre/lib/server/libjvm.dylib at 0x000000010f600000
R8 =0x0000000000071afc is an unknown value
R9 =0xffffffff00000000 is an unknown value
R10=0x00000001101e9f08: _ZL8tc_mutex+0x18 in /Users/student/.p2/pool/plugins/org.eclipse.justj.openjdk.hotspot.jre.full.macosx.x86_64_15.0.2.v20210201-0955/jre/lib/server/libjvm.dylib at 0x000000010f600000
R11=0x00007fe451f6e300 points into unknown readable memory: 0x0000000000000000 | 00 00 00 00 00 00 00 00
R12=0x00007fe452035210 points into unknown readable memory: 0x00000001101c4050 | 50 40 1c 10 01 00 00 00
R13=0x00007fe45309c408 points into unknown readable memory: 0xb00007fe45309c64 | 64 9c 30 45 fe 07 00 b0
R14={method} {0x0000000119578e88} 
[error occurred during error reporting (printing register info), id 0xb, SIGSEGV (0xb) at pc=0x000000010fdd4a00]

Registers:
RAX=0x000000ca19578db0, RBX=0x00007fe451c0b580, RCX=0x0000000000000001, RDX=0x0000200000002000
RSP=0x0000700009ef2750, RBP=0x0000700009ef2780, RSI=0x00007fe451c11720, RDI=0x0000000110201188
R8 =0x0000000000071afc, R9 =0xffffffff00000000, R10=0x00000001101e9f08, R11=0x00007fe451f6e300
R12=0x00007fe452035210, R13=0x00007fe45309c408, R14=0x0000000119578e88, R15=0x00007fe451c11ba0
RIP=0x000000010fdd477d, EFLAGS=0x0000000000010297, ERR=0x0000000000000004
  TRAPNO=0x000000000000000e

Top of Stack: (sp=0x0000700009ef2750)
0x0000700009ef2750:   00007000098e1ac8 0000000119578e88
0x0000700009ef2760:   00007fe451c11720 0000000000000001
0x0000700009ef2770:   0000000000000000 0000000000000000
0x0000700009ef2780:   0000700009ef3a60 000000010fc6d902
0x0000700009ef2790:   00007000098e1b38 0000000000000000
0x0000700009ef27a0:   00007fe45303a970 00000000000003d8
0x0000700009ef27b0:   0000700009ef27d0 000000010f71a8d8
0x0000700009ef27c0:   00007fe45303a970 0000000000000001
0x0000700009ef27d0:   0000700009ef3a50 000000010fc9975f
0x0000700009ef27e0:   0000700009ef2830 000000010fff1f7b
0x0000700009ef27f0:   00007000098e1a48 0000000000000000
0x0000700009ef2800:   00007fe45303a970 00000000000003d8
0x0000700009ef2810:   0000700009ef2830 000000010f71a8d8
0x0000700009ef2820:   00007fe45303a970 000070000a9148e8
0x0000700009ef2830:   0000700009ef3ab0 000000010fc706de
0x0000700009ef2840:   0000000000000000 0000000000000000
0x0000700009ef2850:   0000000000000000 0000000000000000
0x0000700009ef2860:   0000000000000000 0000000000000000
0x0000700009ef2870:   0000000000000000 0000000000000000
0x0000700009ef2880:   0000000000000000 0000000000000000
0x0000700009ef2890:   0000000000000000 0000000000000000
0x0000700009ef28a0:   0000000000000000 0000000000000000
0x0000700009ef28b0:   0000000000000000 0000000000000000
0x0000700009ef28c0:   0000000000000000 0000000000000000
0x0000700009ef28d0:   0000000000000000 0000000000000000
0x0000700009ef28e0:   0000000000000000 0000000000000000
0x0000700009ef28f0:   0000000000000000 0000000000000000
0x0000700009ef2900:   0000000000000000 0000000000000000
0x0000700009ef2910:   0000000000000000 0000000000000000
0x0000700009ef2920:   0000000000000000 0000000000000000
0x0000700009ef2930:   0000000000000000 0000000000000000
0x0000700009ef2940:   0000000000000000 0000000000000000 

Instructions: (pc=0x000000010fdd477d)
0x000000010fdd467d:   4c 89 34 c1 41 ff 44 24 0c eb d6 0f 1f 84 00 00
0x000000010fdd468d:   00 00 00 55 48 89 e5 41 57 41 56 53 48 83 ec 18
0x000000010fdd469d:   49 89 fe 48 8d 3d e1 ca 42 00 ff 17 4c 89 75 d8
0x000000010fdd46ad:   48 8b 00 48 89 45 e0 4d 85 f6 0f 84 bc 00 00 00
0x000000010fdd46bd:   48 8b 98 a0 02 00 00 8b 03 3b 43 04 75 63 89 c2
0x000000010fdd46cd:   ff c2 74 04 21 d0 74 13 0f bd ca 81 f1 e0 00 00
0x000000010fdd46dd:   00 83 c1 21 ba 01 00 00 00 d3 e2 89 53 04 be 08
0x000000010fdd46ed:   00 00 00 48 89 df e8 28 7f c7 ff 49 89 c7 83 3b
0x000000010fdd46fd:   00 7e 34 31 c0 66 66 66 66 66 2e 0f 1f 84 00 00
0x000000010fdd470d:   00 00 00 48 8b 4b 18 48 8b 0c c1 49 89 0c c7 48
0x000000010fdd471d:   ff c0 48 63 0b 48 39 c8 7c e9 3b 43 04 7c 0f eb
0x000000010fdd472d:   22 4c 8b 7b 18 eb 3a 31 c0 3b 43 04 7d 15 89 c0
0x000000010fdd473d:   0f 1f 00 49 c7 04 c7 00 00 00 00 48 ff c0 39 43
0x000000010fdd474d:   04 7f f0 48 83 7b 08 01 75 11 48 8b 73 18 48 85
0x000000010fdd475d:   f6 74 08 48 89 df e8 58 7f c7 ff 4c 89 7b 18 8b
0x000000010fdd476d:   03 8d 48 01 89 0b 48 98 4d 89 34 c7 49 8b 46 08
0x000000010fdd477d:   48 8b 40 08 48 8b 78 18 4c 8d 75 d8 4c 89 f6 e8
0x000000010fdd478d:   bf a0 cb ff 48 89 c3 4c 89 f7 e8 f4 88 c7 ff 48
0x000000010fdd479d:   89 d8 48 83 c4 18 5b 41 5e 41 5f 5d c3 66 0f 1f
0x000000010fdd47ad:   44 00 00 55 48 89 e5 48 c7 06 37 00 00 00 5d c3
0x000000010fdd47bd:   0f 1f 00 55 48 89 e5 48 89 37 5d c3 0f 1f 80 00
0x000000010fdd47cd:   00 00 00 55 48 89 e5 31 c0 48 85 ff 74 45 48 8b
0x000000010fdd47dd:   0f 48 8b 49 08 48 8b 49 08 48 8b 49 18 48 8b 89
0x000000010fdd47ed:   98 00 00 00 48 8b 49 60 48 85 c9 74 26 48 83 c1
0x000000010fdd47fd:   08 66 90 48 8b 01 48 39 f8 77 0d 48 63 51 08 48
0x000000010fdd480d:   8d 04 d0 48 39 f8 77 0d 48 8b 49 10 48 85 c9 75
0x000000010fdd481d:   e2 31 c0 5d c3 b0 01 5d c3 66 2e 0f 1f 84 00 00
0x000000010fdd482d:   00 00 00 55 48 89 e5 53 50 48 85 ff 74 0e 48 8b
0x000000010fdd483d:   1f 48 85 db 74 06 48 83 fb 37 75 09 31 c0 48 83
0x000000010fdd484d:   c4 08 5b 5d c3 48 8b 03 48 89 df ff 50 10 31 c9
0x000000010fdd485d:   84 c0 48 0f 45 cb 48 89 c8 48 83 c4 08 5b 5d c3
0x000000010fdd486d:   0f 1f 00 55 48 89 e5 41 57 41 56 53 50 41 89 f7 


Stack slot to memory mapping:
stack at sp + 0 slots: 0x00007000098e1ac8 is pointing into the stack for thread: 0x00007fe454008a00
stack at sp + 1 slots: {method} {0x0000000119578e88} 
[error occurred during error reporting (inspecting top of stack), id 0xb, SIGSEGV (0xb) at pc=0x000000010fdd4a00]

VM_Operation (0x000070000a914ad8): GetStackTrace, mode: safepoint, requested by thread 0x00007fe452811a00


---------------  P R O C E S S  ---------------

Threads class SMR info:
_java_thread_list=0x00007fe451d99080, length=14, elements={
0x00007fe454008a00, 0x00007fe452813800, 0x00007fe452808c00, 0x00007fe45200f000,
0x00007fe452009600, 0x00007fe45280ba00, 0x00007fe452009c00, 0x00007fe452810c00,
0x00007fe45401c200, 0x00007fe452811a00, 0x00007fe45205fa00, 0x00007fe452812000,
0x00007fe452024c00, 0x00007fe452171000
}

Java Threads: ( => current thread )
  0x00007fe454008a00 JavaThread "main" [_thread_blocked, id=9987, stack(0x00007000097e2000,0x00007000098e2000)]
  0x00007fe452813800 JavaThread "Reference Handler" daemon [_thread_blocked, id=16643, stack(0x0000700009ef7000,0x0000700009ff7000)]
  0x00007fe452808c00 JavaThread "Finalizer" daemon [_thread_blocked, id=15875, stack(0x0000700009ffa000,0x000070000a0fa000)]
  0x00007fe45200f000 JavaThread "Signal Dispatcher" daemon [_thread_blocked, id=43011, stack(0x000070000a203000,0x000070000a303000)]
  0x00007fe452009600 JavaThread "Service Thread" daemon [_thread_blocked, id=41987, stack(0x000070000a306000,0x000070000a406000)]
  0x00007fe45280ba00 JavaThread "C2 CompilerThread0" daemon [_thread_blocked, id=23555, stack(0x000070000a409000,0x000070000a509000)]
  0x00007fe452009c00 JavaThread "C1 CompilerThread0" daemon [_thread_blocked, id=40963, stack(0x000070000a50c000,0x000070000a60c000)]
  0x00007fe452810c00 JavaThread "Sweeper thread" daemon [_thread_blocked, id=24579, stack(0x000070000a60f000,0x000070000a70f000)]
  0x00007fe45401c200 JavaThread "Common-Cleaner" daemon [_thread_blocked, id=39427, stack(0x000070000a712000,0x000070000a812000)]
  0x00007fe452811a00 JavaThread "JDWP Transport Listener: dt_socket" daemon [_thread_blocked, id=38403, stack(0x000070000a815000,0x000070000a915000)] _threads_hazard_ptr=0x00007fe451d99080
  0x00007fe45205fa00 JavaThread "JDWP Event Helper Thread" daemon [_thread_blocked, id=37635, stack(0x000070000a918000,0x000070000aa18000)]
  0x00007fe452812000 JavaThread "JDWP Command Reader" daemon [_thread_in_native, id=36611, stack(0x000070000aa1b000,0x000070000ab1b000)]
  0x00007fe452024c00 JavaThread "Notification Thread" daemon [_thread_blocked, id=25347, stack(0x000070000ab1e000,0x000070000ac1e000)]
  0x00007fe452171000 JavaThread "Attach Listener" daemon [_thread_blocked, id=35331, stack(0x000070000ad24000,0x000070000ae24000)]

Other Threads:
=>0x00007fe451c11720 VMThread "VM Thread" [stack: 0x0000700009df4000,0x0000700009ef4000] [id=17155]
  0x00007fe451d928e0 WatcherThread [stack: 0x000070000ac21000,0x000070000ad21000] [id=35587]
  0x00007fe45300e360 GCTaskThread "GC Thread#0" [stack: 0x00007000098e5000,0x00007000099e5000] [id=19203]
  0x00007fe45300f4e0 ConcurrentGCThread "G1 Main Marker" [stack: 0x00007000099e8000,0x0000700009ae8000] [id=12291]
  0x00007fe4530105b0 ConcurrentGCThread "G1 Conc#0" [stack: 0x0000700009aeb000,0x0000700009beb000] [id=12547]
  0x00007fe45302bfe0 ConcurrentGCThread "G1 Refine#0" [stack: 0x0000700009bee000,0x0000700009cee000] [id=12803]
  0x00007fe45302d060 ConcurrentGCThread "G1 Young RemSet Sampling" [stack: 0x0000700009cf1000,0x0000700009df1000] [id=17411]

Threads with active compile tasks:
C2 CompilerThread0  27861412  456       4       java.lang.StringUTF16::compress (50 bytes)

VM state: at safepoint (normal execution)

VM Mutex/Monitor currently owned by a thread:  ([mutex/lock_event])
[0x00007fe451d11a90] Threads_lock - owner thread: 0x00007fe451c11720

Heap address: 0x0000000780000000, size: 2048 MB, Compressed Oops mode: Zero based, Oop shift amount: 3
CDS disabled.
Compressed class space mapped at: 0x0000000800000000-0x0000000840000000, size: 1073741824
Narrow klass base: 0x0000000800000000, Narrow klass shift: 0, Narrow klass range: 0x40000000

GC Precious Log:
 CPUs: 4 total, 4 available
 Memory: 8192M
 Large Page Support: Disabled
 NUMA Support: Disabled
 Compressed Oops: Enabled (Zero based)
 Heap Region Size: 1M
 Heap Min Capacity: 8M
 Heap Initial Capacity: 128M
 Heap Max Capacity: 2G
 Pre-touch: Disabled
 Parallel Workers: 4
 Concurrent Workers: 1
 Concurrent Refinement Workers: 4
 Periodic GC: Disabled

Heap:
 garbage-first heap   total 131072K, used 6144K [0x0000000780000000, 0x0000000800000000)
  region size 1024K, 7 young (7168K), 0 survivors (0K)
 Metaspace       used 9882K, capacity 10024K, committed 10112K, reserved 1058816K
  class space    used 858K, capacity 887K, committed 896K, reserved 1048576K

Heap Regions: E=young(eden), S=young(survivor), O=old, HS=humongous(starts), HC=humongous(continues), CS=collection set, F=free, OA=open archive, CA=closed archive, TAMS=top-at-mark-start (previous, next)
|   0|0x0000000780000000, 0x0000000780000000, 0x0000000780100000|  0%| F|  |TAMS 0x0000000780000000, 0x0000000780000000| Untracked 
|   1|0x0000000780100000, 0x0000000780100000, 0x0000000780200000|  0%| F|  |TAMS 0x0000000780100000, 0x0000000780100000| Untracked 
|   2|0x0000000780200000, 0x0000000780200000, 0x0000000780300000|  0%| F|  |TAMS 0x0000000780200000, 0x0000000780200000| Untracked 
|   3|0x0000000780300000, 0x0000000780300000, 0x0000000780400000|  0%| F|  |TAMS 0x0000000780300000, 0x0000000780300000| Untracked 
|   4|0x0000000780400000, 0x0000000780400000, 0x0000000780500000|  0%| F|  |TAMS 0x0000000780400000, 0x0000000780400000| Untracked 
|   5|0x0000000780500000, 0x0000000780500000, 0x0000000780600000|  0%| F|  |TAMS 0x0000000780500000, 0x0000000780500000| Untracked 
|   6|0x0000000780600000, 0x0000000780600000, 0x0000000780700000|  0%| F|  |TAMS 0x0000000780600000, 0x0000000780600000| Untracked 
|   7|0x0000000780700000, 0x0000000780700000, 0x0000000780800000|  0%| F|  |TAMS 0x0000000780700000, 0x0000000780700000| Untracked 
|   8|0x0000000780800000, 0x0000000780800000, 0x0000000780900000|  0%| F|  |TAMS 0x0000000780800000, 0x0000000780800000| Untracked 
|   9|0x0000000780900000, 0x0000000780900000, 0x0000000780a00000|  0%| F|  |TAMS 0x0000000780900000, 0x0000000780900000| Untracked 
|  10|0x0000000780a00000, 0x0000000780a00000, 0x0000000780b00000|  0%| F|  |TAMS 0x0000000780a00000, 0x0000000780a00000| Untracked 
|  11|0x0000000780b00000, 0x0000000780b00000, 0x0000000780c00000|  0%| F|  |TAMS 0x0000000780b00000, 0x0000000780b00000| Untracked 
|  12|0x0000000780c00000, 0x0000000780c00000, 0x0000000780d00000|  0%| F|  |TAMS 0x0000000780c00000, 0x0000000780c00000| Untracked 
|  13|0x0000000780d00000, 0x0000000780d00000, 0x0000000780e00000|  0%| F|  |TAMS 0x0000000780d00000, 0x0000000780d00000| Untracked 
|  14|0x0000000780e00000, 0x0000000780e00000, 0x0000000780f00000|  0%| F|  |TAMS 0x0000000780e00000, 0x0000000780e00000| Untracked 
|  15|0x0000000780f00000, 0x0000000780f00000, 0x0000000781000000|  0%| F|  |TAMS 0x0000000780f00000, 0x0000000780f00000| Untracked 
|  16|0x0000000781000000, 0x0000000781000000, 0x0000000781100000|  0%| F|  |TAMS 0x0000000781000000, 0x0000000781000000| Untracked 
|  17|0x0000000781100000, 0x0000000781100000, 0x0000000781200000|  0%| F|  |TAMS 0x0000000781100000, 0x0000000781100000| Untracked 
|  18|0x0000000781200000, 0x0000000781200000, 0x0000000781300000|  0%| F|  |TAMS 0x0000000781200000, 0x0000000781200000| Untracked 
|  19|0x0000000781300000, 0x0000000781300000, 0x0000000781400000|  0%| F|  |TAMS 0x0000000781300000, 0x0000000781300000| Untracked 
|  20|0x0000000781400000, 0x0000000781400000, 0x0000000781500000|  0%| F|  |TAMS 0x0000000781400000, 0x0000000781400000| Untracked 
|  21|0x0000000781500000, 0x0000000781500000, 0x0000000781600000|  0%| F|  |TAMS 0x0000000781500000, 0x0000000781500000| Untracked 
|  22|0x0000000781600000, 0x0000000781600000, 0x0000000781700000|  0%| F|  |TAMS 0x0000000781600000, 0x0000000781600000| Untracked 
|  23|0x0000000781700000, 0x0000000781700000, 0x0000000781800000|  0%| F|  |TAMS 0x0000000781700000, 0x0000000781700000| Untracked 
|  24|0x0000000781800000, 0x0000000781800000, 0x0000000781900000|  0%| F|  |TAMS 0x0000000781800000, 0x0000000781800000| Untracked 
|  25|0x0000000781900000, 0x0000000781900000, 0x0000000781a00000|  0%| F|  |TAMS 0x0000000781900000, 0x0000000781900000| Untracked 
|  26|0x0000000781a00000, 0x0000000781a00000, 0x0000000781b00000|  0%| F|  |TAMS 0x0000000781a00000, 0x0000000781a00000| Untracked 
|  27|0x0000000781b00000, 0x0000000781b00000, 0x0000000781c00000|  0%| F|  |TAMS 0x0000000781b00000, 0x0000000781b00000| Untracked 
|  28|0x0000000781c00000, 0x0000000781c00000, 0x0000000781d00000|  0%| F|  |TAMS 0x0000000781c00000, 0x0000000781c00000| Untracked 
|  29|0x0000000781d00000, 0x0000000781d00000, 0x0000000781e00000|  0%| F|  |TAMS 0x0000000781d00000, 0x0000000781d00000| Untracked 
|  30|0x0000000781e00000, 0x0000000781e00000, 0x0000000781f00000|  0%| F|  |TAMS 0x0000000781e00000, 0x0000000781e00000| Untracked 
|  31|0x0000000781f00000, 0x0000000781f00000, 0x0000000782000000|  0%| F|  |TAMS 0x0000000781f00000, 0x0000000781f00000| Untracked 
|  32|0x0000000782000000, 0x0000000782000000, 0x0000000782100000|  0%| F|  |TAMS 0x0000000782000000, 0x0000000782000000| Untracked 
|  33|0x0000000782100000, 0x0000000782100000, 0x0000000782200000|  0%| F|  |TAMS 0x0000000782100000, 0x0000000782100000| Untracked 
|  34|0x0000000782200000, 0x0000000782200000, 0x0000000782300000|  0%| F|  |TAMS 0x0000000782200000, 0x0000000782200000| Untracked 
|  35|0x0000000782300000, 0x0000000782300000, 0x0000000782400000|  0%| F|  |TAMS 0x0000000782300000, 0x0000000782300000| Untracked 
|  36|0x0000000782400000, 0x0000000782400000, 0x0000000782500000|  0%| F|  |TAMS 0x0000000782400000, 0x0000000782400000| Untracked 
|  37|0x0000000782500000, 0x0000000782500000, 0x0000000782600000|  0%| F|  |TAMS 0x0000000782500000, 0x0000000782500000| Untracked 
|  38|0x0000000782600000, 0x0000000782600000, 0x0000000782700000|  0%| F|  |TAMS 0x0000000782600000, 0x0000000782600000| Untracked 
|  39|0x0000000782700000, 0x0000000782700000, 0x0000000782800000|  0%| F|  |TAMS 0x0000000782700000, 0x0000000782700000| Untracked 
|  40|0x0000000782800000, 0x0000000782800000, 0x0000000782900000|  0%| F|  |TAMS 0x0000000782800000, 0x0000000782800000| Untracked 
|  41|0x0000000782900000, 0x0000000782900000, 0x0000000782a00000|  0%| F|  |TAMS 0x0000000782900000, 0x0000000782900000| Untracked 
|  42|0x0000000782a00000, 0x0000000782a00000, 0x0000000782b00000|  0%| F|  |TAMS 0x0000000782a00000, 0x0000000782a00000| Untracked 
|  43|0x0000000782b00000, 0x0000000782b00000, 0x0000000782c00000|  0%| F|  |TAMS 0x0000000782b00000, 0x0000000782b00000| Untracked 
|  44|0x0000000782c00000, 0x0000000782c00000, 0x0000000782d00000|  0%| F|  |TAMS 0x0000000782c00000, 0x0000000782c00000| Untracked 
|  45|0x0000000782d00000, 0x0000000782d00000, 0x0000000782e00000|  0%| F|  |TAMS 0x0000000782d00000, 0x0000000782d00000| Untracked 
|  46|0x0000000782e00000, 0x0000000782e00000, 0x0000000782f00000|  0%| F|  |TAMS 0x0000000782e00000, 0x0000000782e00000| Untracked 
|  47|0x0000000782f00000, 0x0000000782f00000, 0x0000000783000000|  0%| F|  |TAMS 0x0000000782f00000, 0x0000000782f00000| Untracked 
|  48|0x0000000783000000, 0x0000000783000000, 0x0000000783100000|  0%| F|  |TAMS 0x0000000783000000, 0x0000000783000000| Untracked 
|  49|0x0000000783100000, 0x0000000783100000, 0x0000000783200000|  0%| F|  |TAMS 0x0000000783100000, 0x0000000783100000| Untracked 
|  50|0x0000000783200000, 0x0000000783200000, 0x0000000783300000|  0%| F|  |TAMS 0x0000000783200000, 0x0000000783200000| Untracked 
|  51|0x0000000783300000, 0x0000000783300000, 0x0000000783400000|  0%| F|  |TAMS 0x0000000783300000, 0x0000000783300000| Untracked 
|  52|0x0000000783400000, 0x0000000783400000, 0x0000000783500000|  0%| F|  |TAMS 0x0000000783400000, 0x0000000783400000| Untracked 
|  53|0x0000000783500000, 0x0000000783500000, 0x0000000783600000|  0%| F|  |TAMS 0x0000000783500000, 0x0000000783500000| Untracked 
|  54|0x0000000783600000, 0x0000000783600000, 0x0000000783700000|  0%| F|  |TAMS 0x0000000783600000, 0x0000000783600000| Untracked 
|  55|0x0000000783700000, 0x0000000783700000, 0x0000000783800000|  0%| F|  |TAMS 0x0000000783700000, 0x0000000783700000| Untracked 
|  56|0x0000000783800000, 0x0000000783800000, 0x0000000783900000|  0%| F|  |TAMS 0x0000000783800000, 0x0000000783800000| Untracked 
|  57|0x0000000783900000, 0x0000000783900000, 0x0000000783a00000|  0%| F|  |TAMS 0x0000000783900000, 0x0000000783900000| Untracked 
|  58|0x0000000783a00000, 0x0000000783a00000, 0x0000000783b00000|  0%| F|  |TAMS 0x0000000783a00000, 0x0000000783a00000| Untracked 
|  59|0x0000000783b00000, 0x0000000783b00000, 0x0000000783c00000|  0%| F|  |TAMS 0x0000000783b00000, 0x0000000783b00000| Untracked 
|  60|0x0000000783c00000, 0x0000000783c00000, 0x0000000783d00000|  0%| F|  |TAMS 0x0000000783c00000, 0x0000000783c00000| Untracked 
|  61|0x0000000783d00000, 0x0000000783d00000, 0x0000000783e00000|  0%| F|  |TAMS 0x0000000783d00000, 0x0000000783d00000| Untracked 
|  62|0x0000000783e00000, 0x0000000783e00000, 0x0000000783f00000|  0%| F|  |TAMS 0x0000000783e00000, 0x0000000783e00000| Untracked 
|  63|0x0000000783f00000, 0x0000000783f00000, 0x0000000784000000|  0%| F|  |TAMS 0x0000000783f00000, 0x0000000783f00000| Untracked 
|  64|0x0000000784000000, 0x0000000784000000, 0x0000000784100000|  0%| F|  |TAMS 0x0000000784000000, 0x0000000784000000| Untracked 
|  65|0x0000000784100000, 0x0000000784100000, 0x0000000784200000|  0%| F|  |TAMS 0x0000000784100000, 0x0000000784100000| Untracked 
|  66|0x0000000784200000, 0x0000000784200000, 0x0000000784300000|  0%| F|  |TAMS 0x0000000784200000, 0x0000000784200000| Untracked 
|  67|0x0000000784300000, 0x0000000784300000, 0x0000000784400000|  0%| F|  |TAMS 0x0000000784300000, 0x0000000784300000| Untracked 
|  68|0x0000000784400000, 0x0000000784400000, 0x0000000784500000|  0%| F|  |TAMS 0x0000000784400000, 0x0000000784400000| Untracked 
|  69|0x0000000784500000, 0x0000000784500000, 0x0000000784600000|  0%| F|  |TAMS 0x0000000784500000, 0x0000000784500000| Untracked 
|  70|0x0000000784600000, 0x0000000784600000, 0x0000000784700000|  0%| F|  |TAMS 0x0000000784600000, 0x0000000784600000| Untracked 
|  71|0x0000000784700000, 0x0000000784700000, 0x0000000784800000|  0%| F|  |TAMS 0x0000000784700000, 0x0000000784700000| Untracked 
|  72|0x0000000784800000, 0x0000000784800000, 0x0000000784900000|  0%| F|  |TAMS 0x0000000784800000, 0x0000000784800000| Untracked 
|  73|0x0000000784900000, 0x0000000784900000, 0x0000000784a00000|  0%| F|  |TAMS 0x0000000784900000, 0x0000000784900000| Untracked 
|  74|0x0000000784a00000, 0x0000000784a00000, 0x0000000784b00000|  0%| F|  |TAMS 0x0000000784a00000, 0x0000000784a00000| Untracked 
|  75|0x0000000784b00000, 0x0000000784b00000, 0x0000000784c00000|  0%| F|  |TAMS 0x0000000784b00000, 0x0000000784b00000| Untracked 
|  76|0x0000000784c00000, 0x0000000784c00000, 0x0000000784d00000|  0%| F|  |TAMS 0x0000000784c00000, 0x0000000784c00000| Untracked 
|  77|0x0000000784d00000, 0x0000000784d00000, 0x0000000784e00000|  0%| F|  |TAMS 0x0000000784d00000, 0x0000000784d00000| Untracked 
|  78|0x0000000784e00000, 0x0000000784e00000, 0x0000000784f00000|  0%| F|  |TAMS 0x0000000784e00000, 0x0000000784e00000| Untracked 
|  79|0x0000000784f00000, 0x0000000784f00000, 0x0000000785000000|  0%| F|  |TAMS 0x0000000784f00000, 0x0000000784f00000| Untracked 
|  80|0x0000000785000000, 0x0000000785000000, 0x0000000785100000|  0%| F|  |TAMS 0x0000000785000000, 0x0000000785000000| Untracked 
|  81|0x0000000785100000, 0x0000000785100000, 0x0000000785200000|  0%| F|  |TAMS 0x0000000785100000, 0x0000000785100000| Untracked 
|  82|0x0000000785200000, 0x0000000785200000, 0x0000000785300000|  0%| F|  |TAMS 0x0000000785200000, 0x0000000785200000| Untracked 
|  83|0x0000000785300000, 0x0000000785300000, 0x0000000785400000|  0%| F|  |TAMS 0x0000000785300000, 0x0000000785300000| Untracked 
|  84|0x0000000785400000, 0x0000000785400000, 0x0000000785500000|  0%| F|  |TAMS 0x0000000785400000, 0x0000000785400000| Untracked 
|  85|0x0000000785500000, 0x0000000785500000, 0x0000000785600000|  0%| F|  |TAMS 0x0000000785500000, 0x0000000785500000| Untracked 
|  86|0x0000000785600000, 0x0000000785600000, 0x0000000785700000|  0%| F|  |TAMS 0x0000000785600000, 0x0000000785600000| Untracked 
|  87|0x0000000785700000, 0x0000000785700000, 0x0000000785800000|  0%| F|  |TAMS 0x0000000785700000, 0x0000000785700000| Untracked 
|  88|0x0000000785800000, 0x0000000785800000, 0x0000000785900000|  0%| F|  |TAMS 0x0000000785800000, 0x0000000785800000| Untracked 
|  89|0x0000000785900000, 0x0000000785900000, 0x0000000785a00000|  0%| F|  |TAMS 0x0000000785900000, 0x0000000785900000| Untracked 
|  90|0x0000000785a00000, 0x0000000785a00000, 0x0000000785b00000|  0%| F|  |TAMS 0x0000000785a00000, 0x0000000785a00000| Untracked 
|  91|0x0000000785b00000, 0x0000000785b00000, 0x0000000785c00000|  0%| F|  |TAMS 0x0000000785b00000, 0x0000000785b00000| Untracked 
|  92|0x0000000785c00000, 0x0000000785c00000, 0x0000000785d00000|  0%| F|  |TAMS 0x0000000785c00000, 0x0000000785c00000| Untracked 
|  93|0x0000000785d00000, 0x0000000785d00000, 0x0000000785e00000|  0%| F|  |TAMS 0x0000000785d00000, 0x0000000785d00000| Untracked 
|  94|0x0000000785e00000, 0x0000000785e00000, 0x0000000785f00000|  0%| F|  |TAMS 0x0000000785e00000, 0x0000000785e00000| Untracked 
|  95|0x0000000785f00000, 0x0000000785f00000, 0x0000000786000000|  0%| F|  |TAMS 0x0000000785f00000, 0x0000000785f00000| Untracked 
|  96|0x0000000786000000, 0x0000000786000000, 0x0000000786100000|  0%| F|  |TAMS 0x0000000786000000, 0x0000000786000000| Untracked 
|  97|0x0000000786100000, 0x0000000786100000, 0x0000000786200000|  0%| F|  |TAMS 0x0000000786100000, 0x0000000786100000| Untracked 
|  98|0x0000000786200000, 0x0000000786200000, 0x0000000786300000|  0%| F|  |TAMS 0x0000000786200000, 0x0000000786200000| Untracked 
|  99|0x0000000786300000, 0x0000000786300000, 0x0000000786400000|  0%| F|  |TAMS 0x0000000786300000, 0x0000000786300000| Untracked 
| 100|0x0000000786400000, 0x0000000786400000, 0x0000000786500000|  0%| F|  |TAMS 0x0000000786400000, 0x0000000786400000| Untracked 
| 101|0x0000000786500000, 0x0000000786500000, 0x0000000786600000|  0%| F|  |TAMS 0x0000000786500000, 0x0000000786500000| Untracked 
| 102|0x0000000786600000, 0x0000000786600000, 0x0000000786700000|  0%| F|  |TAMS 0x0000000786600000, 0x0000000786600000| Untracked 
| 103|0x0000000786700000, 0x0000000786700000, 0x0000000786800000|  0%| F|  |TAMS 0x0000000786700000, 0x0000000786700000| Untracked 
| 104|0x0000000786800000, 0x0000000786800000, 0x0000000786900000|  0%| F|  |TAMS 0x0000000786800000, 0x0000000786800000| Untracked 
| 105|0x0000000786900000, 0x0000000786900000, 0x0000000786a00000|  0%| F|  |TAMS 0x0000000786900000, 0x0000000786900000| Untracked 
| 106|0x0000000786a00000, 0x0000000786a00000, 0x0000000786b00000|  0%| F|  |TAMS 0x0000000786a00000, 0x0000000786a00000| Untracked 
| 107|0x0000000786b00000, 0x0000000786b00000, 0x0000000786c00000|  0%| F|  |TAMS 0x0000000786b00000, 0x0000000786b00000| Untracked 
| 108|0x0000000786c00000, 0x0000000786c00000, 0x0000000786d00000|  0%| F|  |TAMS 0x0000000786c00000, 0x0000000786c00000| Untracked 
| 109|0x0000000786d00000, 0x0000000786d00000, 0x0000000786e00000|  0%| F|  |TAMS 0x0000000786d00000, 0x0000000786d00000| Untracked 
| 110|0x0000000786e00000, 0x0000000786e00000, 0x0000000786f00000|  0%| F|  |TAMS 0x0000000786e00000, 0x0000000786e00000| Untracked 
| 111|0x0000000786f00000, 0x0000000786f00000, 0x0000000787000000|  0%| F|  |TAMS 0x0000000786f00000, 0x0000000786f00000| Untracked 
| 112|0x0000000787000000, 0x0000000787000000, 0x0000000787100000|  0%| F|  |TAMS 0x0000000787000000, 0x0000000787000000| Untracked 
| 113|0x0000000787100000, 0x0000000787100000, 0x0000000787200000|  0%| F|  |TAMS 0x0000000787100000, 0x0000000787100000| Untracked 
| 114|0x0000000787200000, 0x0000000787200000, 0x0000000787300000|  0%| F|  |TAMS 0x0000000787200000, 0x0000000787200000| Untracked 
| 115|0x0000000787300000, 0x0000000787300000, 0x0000000787400000|  0%| F|  |TAMS 0x0000000787300000, 0x0000000787300000| Untracked 
| 116|0x0000000787400000, 0x0000000787400000, 0x0000000787500000|  0%| F|  |TAMS 0x0000000787400000, 0x0000000787400000| Untracked 
| 117|0x0000000787500000, 0x0000000787500000, 0x0000000787600000|  0%| F|  |TAMS 0x0000000787500000, 0x0000000787500000| Untracked 
| 118|0x0000000787600000, 0x0000000787600000, 0x0000000787700000|  0%| F|  |TAMS 0x0000000787600000, 0x0000000787600000| Untracked 
| 119|0x0000000787700000, 0x0000000787700000, 0x0000000787800000|  0%| F|  |TAMS 0x0000000787700000, 0x0000000787700000| Untracked 
| 120|0x0000000787800000, 0x0000000787800000, 0x0000000787900000|  0%| F|  |TAMS 0x0000000787800000, 0x0000000787800000| Untracked 
| 121|0x0000000787900000, 0x000000078794bbe8, 0x0000000787a00000| 29%| E|  |TAMS 0x0000000787900000, 0x0000000787900000| Complete 
| 122|0x0000000787a00000, 0x0000000787b00000, 0x0000000787b00000|100%| E|CS|TAMS 0x0000000787a00000, 0x0000000787a00000| Complete 
| 123|0x0000000787b00000, 0x0000000787c00000, 0x0000000787c00000|100%| E|CS|TAMS 0x0000000787b00000, 0x0000000787b00000| Complete 
| 124|0x0000000787c00000, 0x0000000787d00000, 0x0000000787d00000|100%| E|CS|TAMS 0x0000000787c00000, 0x0000000787c00000| Complete 
| 125|0x0000000787d00000, 0x0000000787e00000, 0x0000000787e00000|100%| E|CS|TAMS 0x0000000787d00000, 0x0000000787d00000| Complete 
| 126|0x0000000787e00000, 0x0000000787f00000, 0x0000000787f00000|100%| E|CS|TAMS 0x0000000787e00000, 0x0000000787e00000| Complete 
| 127|0x0000000787f00000, 0x0000000788000000, 0x0000000788000000|100%| E|CS|TAMS 0x0000000787f00000, 0x0000000787f00000| Complete 

Card table byte_map: [0x0000000114540000,0x0000000114940000] _byte_map_base: 0x0000000110940000

Marking Bits (Prev, Next): (CMBitMap*) 0x00007fe45382aa10, (CMBitMap*) 0x00007fe45382aa50
 Prev Bits: [0x0000000114d40000, 0x0000000116d40000)
 Next Bits: [0x0000000116d40000, 0x0000000118d40000)

Polling page: 0x000000010ec7b000

Metaspace:

Usage:
  Non-class:      8.92 MB capacity,     8.81 MB ( 99%) used,   106.75 KB (  1%) free+waste,     6.12 KB ( <1%) overhead. 
      Class:    887.00 KB capacity,   858.80 KB ( 97%) used,    26.32 KB (  3%) free+waste,     1.88 KB ( <1%) overhead. 
       Both:      9.79 MB capacity,     9.65 MB ( 99%) used,   133.07 KB (  1%) free+waste,     8.00 KB ( <1%) overhead. 

Virtual space:
  Non-class space:       10.00 MB reserved,       9.00 MB ( 90%) committed 
      Class space:        1.00 GB reserved,     896.00 KB ( <1%) committed 
             Both:        1.01 GB reserved,       9.88 MB ( <1%) committed 

Chunk freelists:
   Non-Class:  15.00 KB
       Class:  9.00 KB
        Both:  24.00 KB

MaxMetaspaceSize: 17179869184.00 GB
CompressedClassSpaceSize: 1.00 GB

CodeHeap 'non-profiled nmethods': size=120032Kb used=144Kb max_used=144Kb free=119887Kb
 bounds [0x000000012288c000, 0x0000000122afc000, 0x0000000129dc4000]
CodeHeap 'profiled nmethods': size=120028Kb used=624Kb max_used=624Kb free=119403Kb
 bounds [0x000000011b355000, 0x000000011b5c5000, 0x000000012288c000]
CodeHeap 'non-nmethods': size=5700Kb used=1201Kb max_used=1226Kb free=4498Kb
 bounds [0x000000011adc4000, 0x000000011b034000, 0x000000011b355000]
 total_blobs=839 nmethods=456 adapters=297
 compilation: enabled
              stopped_count=0, restarted_count=0
 full_count=0

Compilation events (20 events):
Event: 2394.490 Thread 0x00007fe452009c00 nmethod 444 0x000000011b3eda10 code [0x000000011b3edbc0, 0x000000011b3edf10]
Event: 2496.617 Thread 0x00007fe452009c00  445       3       org.eclipse.jdt.launching.internal.org.objectweb.asm.SymbolTable::hash (10 bytes)
Event: 2496.617 Thread 0x00007fe452009c00 nmethod 445 0x000000011b3ee090 code [0x000000011b3ee220, 0x000000011b3ee340]
Event: 2496.617 Thread 0x00007fe452009c00  446       3       org.eclipse.jdt.launching.internal.org.objectweb.asm.ClassReader::readUTF8 (23 bytes)
Event: 2496.618 Thread 0x00007fe452009c00 nmethod 446 0x000000011b3ee410 code [0x000000011b3ee5c0, 0x000000011b3ee7f0]
Event: 7686.164 Thread 0x00007fe452009c00  449       3       java.lang.ref.ReferenceQueue::reallyPoll (65 bytes)
Event: 7686.177 Thread 0x00007fe452009c00 nmethod 449 0x000000011b3ee910 code [0x000000011b3eeae0, 0x000000011b3ef010]
Event: 15246.685 Thread 0x00007fe452009c00  451   !   3       java.lang.ref.ReferenceQueue::remove (125 bytes)
Event: 15246.702 Thread 0x00007fe452009c00 nmethod 451 0x000000011b3ef110 code [0x000000011b3ef320, 0x000000011b3efb10]
Event: 15306.690 Thread 0x00007fe452009c00  452   !   3       jdk.internal.ref.PhantomCleanable::isListEmpty (34 bytes)
Event: 15306.692 Thread 0x00007fe452009c00 nmethod 452 0x000000011b3efe90 code [0x000000011b3f0040, 0x000000011b3f0290]
Event: 15306.692 Thread 0x00007fe452009c00  453       3       jdk.internal.misc.InnocuousThread::eraseThreadLocals (23 bytes)
Event: 15306.696 Thread 0x00007fe452009c00 nmethod 453 0x000000011b3f0410 code [0x000000011b3f05a0, 0x000000011b3f0790]
Event: 16644.501 Thread 0x00007fe45280ba00  454       4       org.eclipse.jdt.launching.internal.org.objectweb.asm.ClassReader::readUnsignedShort (26 bytes)
Event: 16644.503 Thread 0x00007fe452009c00  455       3       org.eclipse.jdt.launching.internal.org.objectweb.asm.SymbolTable$Entry::<init> (17 bytes)
Event: 16644.507 Thread 0x00007fe452009c00 nmethod 455 0x000000011b3f0810 code [0x000000011b3f09a0, 0x000000011b3f0b20]
Event: 16644.512 Thread 0x00007fe45280ba00 nmethod 454 0x00000001228aff10 code [0x00000001228b0080, 0x00000001228b0178]
Event: 27861.282 Thread 0x00007fe452009c00  457       3       org.eclipse.jdt.launching.internal.org.objectweb.asm.SymbolTable::addConstantUtf8 (20 bytes)
Event: 27861.282 Thread 0x00007fe45280ba00  456       4       java.lang.StringUTF16::compress (50 bytes)
Event: 27861.286 Thread 0x00007fe452009c00 nmethod 457 0x000000011b3f0c10 code [0x000000011b3f0de0, 0x000000011b3f1080]

GC Heap History (0 events):
No events

Deoptimization events (20 events):
Event: 0.537 Thread 0x00007fe454008a00 DEOPT PACKING pc=0x000000011b3c00eb sp=0x00007000098dd3a0
Event: 0.537 Thread 0x00007fe454008a00 DEOPT UNPACKING pc=0x000000011ae11f2b sp=0x00007000098dc888 mode 0
Event: 0.539 Thread 0x00007fe454008a00 DEOPT PACKING pc=0x000000011b3c00eb sp=0x00007000098dd3a0
Event: 0.539 Thread 0x00007fe454008a00 DEOPT UNPACKING pc=0x000000011ae11f2b sp=0x00007000098dc888 mode 0
Event: 0.539 Thread 0x00007fe454008a00 DEOPT PACKING pc=0x000000011b3c00eb sp=0x00007000098dd3a0
Event: 0.539 Thread 0x00007fe454008a00 DEOPT UNPACKING pc=0x000000011ae11f2b sp=0x00007000098dc888 mode 0
Event: 0.541 Thread 0x00007fe454008a00 DEOPT PACKING pc=0x000000011b3c00eb sp=0x00007000098dd3a0
Event: 0.541 Thread 0x00007fe454008a00 DEOPT UNPACKING pc=0x000000011ae11f2b sp=0x00007000098dc888 mode 0
Event: 0.541 Thread 0x00007fe454008a00 DEOPT PACKING pc=0x000000011b3c00eb sp=0x00007000098de9d0
Event: 0.541 Thread 0x00007fe454008a00 DEOPT UNPACKING pc=0x000000011ae11f2b sp=0x00007000098ddeb8 mode 0
Event: 0.542 Thread 0x00007fe454008a00 DEOPT PACKING pc=0x000000011b3c00eb sp=0x00007000098de9d0
Event: 0.542 Thread 0x00007fe454008a00 DEOPT UNPACKING pc=0x000000011ae11f2b sp=0x00007000098ddeb8 mode 0
Event: 0.544 Thread 0x00007fe454008a00 DEOPT PACKING pc=0x000000011b3c00eb sp=0x00007000098dd320
Event: 0.544 Thread 0x00007fe454008a00 DEOPT UNPACKING pc=0x000000011ae11f2b sp=0x00007000098dc808 mode 0
Event: 0.546 Thread 0x00007fe454008a00 DEOPT PACKING pc=0x000000011b3c00eb sp=0x00007000098de900
Event: 0.546 Thread 0x00007fe454008a00 DEOPT UNPACKING pc=0x000000011ae11f2b sp=0x00007000098ddde8 mode 0
Event: 0.547 Thread 0x00007fe454008a00 DEOPT PACKING pc=0x000000011b3c00eb sp=0x00007000098de9e0
Event: 0.547 Thread 0x00007fe454008a00 DEOPT UNPACKING pc=0x000000011ae11f2b sp=0x00007000098ddec8 mode 0
Event: 0.550 Thread 0x00007fe454008a00 DEOPT PACKING pc=0x000000011b3c00eb sp=0x00007000098dcfa0
Event: 0.550 Thread 0x00007fe454008a00 DEOPT UNPACKING pc=0x000000011ae11f2b sp=0x00007000098dc488 mode 0

Classes unloaded (0 events):
No events

Classes redefined (4 events):
Event: 2394.501 Thread 0x00007fe451c11720 redefined class name=codePractice.BoardBattleShip, count=1
Event: 2496.619 Thread 0x00007fe451c11720 redefined class name=codePractice.BoardBattleShip, count=2
Event: 16644.537 Thread 0x00007fe451c11720 redefined class name=codePractice.BoardBattleShip, count=3
Event: 27861.293 Thread 0x00007fe451c11720 redefined class name=codePractice.BoardBattleShip, count=4

Internal exceptions (3 events):
Event: 0.377 Thread 0x00007fe454008a00 Exception <a 'java/lang/NoSuchMethodError'{0x0000000787d129e0}: 'void java.lang.invoke.DirectMethodHandle$Holder.invokeStatic(java.lang.Object, java.lang.Object)'> (0x0000000787d129e0) 
thrown [./open/src/hotspot/share/interpreter/linkResolver.cpp, line 782]
Event: 0.379 Thread 0x00007fe454008a00 Exception <a 'java/lang/NoSuchMethodError'{0x0000000787d16688}: 'void java.lang.invoke.DirectMethodHandle$Holder.invokeStaticInit(java.lang.Object, java.lang.Object)'> (0x0000000787d16688) 
thrown [./open/src/hotspot/share/interpreter/linkResolver.cpp, line 782]
Event: 0.513 Thread 0x00007fe454008a00 Exception <a 'java/lang/NoSuchMethodError'{0x0000000787cfb010}: 'java.lang.Object java.lang.invoke.DirectMethodHandle$Holder.invokeStatic(java.lang.Object)'> (0x0000000787cfb010) 
thrown [./open/src/hotspot/share/interpreter/linkResolver.cpp, line 782]

Events (20 events):
Event: 27845.359 Executing VM operation: ChangeBreakpoints done
Event: 27861.272 Executing VM operation: GetCurrentLocation
Event: 27861.272 Executing VM operation: GetCurrentLocation done
Event: 27861.272 Executing VM operation: ChangeSingleStep
Event: 27861.272 Executing VM operation: ChangeSingleStep done
Event: 27861.272 Executing VM operation: UpdateForPopTopFrame
Event: 27861.272 Executing VM operation: UpdateForPopTopFrame done
Event: 27861.272 Executing VM operation: ChangeSingleStep
Event: 27861.273 Executing VM operation: ChangeSingleStep done
Event: 27861.275 Executing VM operation: GetFrameCount
Event: 27861.275 Executing VM operation: GetFrameCount done
Event: 27861.275 Executing VM operation: GetStackTrace
Event: 27861.275 Executing VM operation: GetStackTrace done
Event: 27861.289 Executing VM operation: RedefineClasses
Event: 27861.318 Executing VM operation: RedefineClasses done
Event: 27861.324 Executing VM operation: ChangeBreakpoints
Event: 27861.329 Executing VM operation: ChangeBreakpoints done
Event: 27861.333 Executing VM operation: GetFrameCount
Event: 27861.333 Executing VM operation: GetFrameCount done
Event: 27861.333 Executing VM operation: GetStackTrace


Dynamic libraries:
0x00007fff6eeff000 	/usr/lib/libz.1.dylib
0x000000010ec4e000 	/Users/student/.p2/pool/plugins/org.eclipse.justj.openjdk.hotspot.jre.full.macosx.x86_64_15.0.2.v20210201-0955/jre/lib/libjli.dylib
0x00007fff34be4000 	/System/Library/Frameworks/Cocoa.framework/Versions/A/Cocoa
0x00007fff423db000 	/System/Library/Frameworks/Security.framework/Versions/A/Security
0x00007fff33b49000 	/System/Library/Frameworks/ApplicationServices.framework/Versions/A/ApplicationServices
0x00007fff6c9c3000 	/usr/lib/libSystem.B.dylib
0x00007fff6f7c0000 	/usr/lib/system/libcache.dylib
0x00007fff6f7c6000 	/usr/lib/system/libcommonCrypto.dylib
0x00007fff6f7d2000 	/usr/lib/system/libcompiler_rt.dylib
0x00007fff6f7da000 	/usr/lib/system/libcopyfile.dylib
0x00007fff6f7e4000 	/usr/lib/system/libcorecrypto.dylib
0x00007fff6f983000 	/usr/lib/system/libdispatch.dylib
0x00007fff6f9c4000 	/usr/lib/system/libdyld.dylib
0x00007fff6f9fb000 	/usr/lib/system/libkeymgr.dylib
0x00007fff6fa09000 	/usr/lib/system/liblaunch.dylib
0x00007fff6fa0a000 	/usr/lib/system/libmacho.dylib
0x00007fff6fa10000 	/usr/lib/system/libquarantine.dylib
0x00007fff6fa13000 	/usr/lib/system/libremovefile.dylib
0x00007fff6fa15000 	/usr/lib/system/libsystem_asl.dylib
0x00007fff6fa2d000 	/usr/lib/system/libsystem_blocks.dylib
0x00007fff6fa2e000 	/usr/lib/system/libsystem_c.dylib
0x00007fff6fab6000 	/usr/lib/system/libsystem_configuration.dylib
0x00007fff6faba000 	/usr/lib/system/libsystem_coreservices.dylib
0x00007fff6fabe000 	/usr/lib/system/libsystem_darwin.dylib
0x00007fff6fac7000 	/usr/lib/system/libsystem_dnssd.dylib
0x00007fff6facf000 	/usr/lib/system/libsystem_featureflags.dylib
0x00007fff6fad1000 	/usr/lib/system/libsystem_info.dylib
0x00007fff6fb4c000 	/usr/lib/system/libsystem_m.dylib
0x00007fff6fb94000 	/usr/lib/system/libsystem_malloc.dylib
0x00007fff6fbbc000 	/usr/lib/system/libsystem_networkextension.dylib
0x00007fff6fbca000 	/usr/lib/system/libsystem_notify.dylib
0x00007fff6fbe8000 	/usr/lib/system/libsystem_sandbox.dylib
0x00007fff6fbed000 	/usr/lib/system/libsystem_secinit.dylib
0x00007fff6fb1f000 	/usr/lib/system/libsystem_kernel.dylib
0x00007fff6fbd4000 	/usr/lib/system/libsystem_platform.dylib
0x00007fff6fbdd000 	/usr/lib/system/libsystem_pthread.dylib
0x00007fff6fbf0000 	/usr/lib/system/libsystem_symptoms.dylib
0x00007fff6fbf8000 	/usr/lib/system/libsystem_trace.dylib
0x00007fff6fc10000 	/usr/lib/system/libunwind.dylib
0x00007fff6fc16000 	/usr/lib/system/libxpc.dylib
0x00007fff6e823000 	/usr/lib/libobjc.A.dylib
0x00007fff6ccfc000 	/usr/lib/libc++abi.dylib
0x00007fff6cca9000 	/usr/lib/libc++.1.dylib
0x00007fff35a86000 	/System/Library/Frameworks/CoreFoundation.framework/Versions/A/CoreFoundation
0x00007fff38143000 	/System/Library/Frameworks/Foundation.framework/Versions/C/Foundation
0x00007fff32d39000 	/System/Library/Frameworks/AppKit.framework/Versions/C/AppKit
0x00007fff35568000 	/System/Library/Frameworks/CoreData.framework/Versions/A/CoreData
0x00007fff669d8000 	/System/Library/PrivateFrameworks/UIFoundation.framework/Versions/A/UIFoundation
0x00007fff61a6c000 	/System/Library/PrivateFrameworks/RemoteViewServices.framework/Versions/A/RemoteViewServices
0x00007fff69533000 	/System/Library/PrivateFrameworks/XCTTargetBootstrap.framework/Versions/A/XCTTargetBootstrap
0x00007fff35953000 	/System/Library/Frameworks/CoreDisplay.framework/Versions/A/CoreDisplay
0x00007fff3affe000 	/System/Library/Frameworks/Metal.framework/Versions/A/Metal
0x00007fff4fa6f000 	/System/Library/PrivateFrameworks/DesktopServicesPriv.framework/Versions/A/DesktopServicesPriv
0x00007fff6dafe000 	/usr/lib/liblangid.dylib
0x00007fff4ed04000 	/System/Library/PrivateFrameworks/CoreSVG.framework/Versions/A/CoreSVG
0x00007fff64bc8000 	/System/Library/PrivateFrameworks/SkyLight.framework/Versions/A/SkyLight
0x00007fff35f07000 	/System/Library/Frameworks/CoreGraphics.framework/Versions/A/CoreGraphics
0x00007fff3170d000 	/System/Library/Frameworks/Accelerate.framework/Versions/A/Accelerate
0x00007fff6edf0000 	/usr/lib/libxml2.2.dylib
0x00007fff5a9f7000 	/System/Library/PrivateFrameworks/IconServices.framework/Versions/A/IconServices
0x00007fff38922000 	/System/Library/Frameworks/IOSurface.framework/Versions/A/IOSurface
0x00007fff6c4ed000 	/usr/lib/libDiagnosticMessagesClient.dylib
0x00007fff4f8c9000 	/System/Library/PrivateFrameworks/DFRFoundation.framework/Versions/A/DFRFoundation
0x00007fff6d88d000 	/usr/lib/libicucore.A.dylib
0x00007fff33e7b000 	/System/Library/Frameworks/AudioToolbox.framework/Versions/A/AudioToolbox
0x00007fff33f5e000 	/System/Library/Frameworks/AudioUnit.framework/Versions/A/AudioUnit
0x00007fff6cbc5000 	/usr/lib/libauto.dylib
0x00007fff4f96b000 	/System/Library/PrivateFrameworks/DataDetectorsCore.framework/Versions/A/DataDetectorsCore
0x00007fff34705000 	/System/Library/Frameworks/Carbon.framework/Versions/A/Frameworks/HIToolbox.framework/Versions/A/HIToolbox
0x00007fff415d7000 	/System/Library/Frameworks/QuartzCore.framework/Versions/A/QuartzCore
0x00007fff34a44000 	/System/Library/Frameworks/Carbon.framework/Versions/A/Frameworks/SpeechRecognition.framework/Versions/A/SpeechRecognition
0x00007fff4f3dd000 	/System/Library/PrivateFrameworks/CoreUI.framework/Versions/A/CoreUI
0x00007fff34fd3000 	/System/Library/Frameworks/CoreAudio.framework/Versions/A/CoreAudio
0x00007fff37e02000 	/System/Library/Frameworks/DiskArbitration.framework/Versions/A/DiskArbitration
0x00007fff5ca47000 	/System/Library/PrivateFrameworks/MultitouchSupport.framework/Versions/A/MultitouchSupport
0x00007fff6d754000 	/usr/lib/libenergytrace.dylib
0x00007fff3887c000 	/System/Library/Frameworks/IOKit.framework/Versions/A/IOKit
0x00007fff36e6e000 	/System/Library/Frameworks/CoreServices.framework/Versions/A/CoreServices
0x00007fff5ebff000 	/System/Library/PrivateFrameworks/PerformanceAnalysis.framework/Versions/A/PerformanceAnalysis
0x00007fff4060a000 	/System/Library/Frameworks/OpenGL.framework/Versions/A/OpenGL
0x00007fff34bf2000 	/System/Library/Frameworks/ColorSync.framework/Versions/A/ColorSync
0x00007fff3658a000 	/System/Library/Frameworks/CoreImage.framework/Versions/A/CoreImage
0x00007fff378e1000 	/System/Library/Frameworks/CoreText.framework/Versions/A/CoreText
0x00007fff389b2000 	/System/Library/Frameworks/ImageIO.framework/Versions/A/ImageIO
0x00007fff6cd25000 	/usr/lib/libcompression.dylib
0x00007fff6c831000 	/usr/lib/libMobileGestalt.dylib
0x00007fff66742000 	/System/Library/PrivateFrameworks/TextureIO.framework/Versions/A/TextureIO
0x00007fff6cb28000 	/usr/lib/libate.dylib
0x00007fff5ac00000 	/System/Library/PrivateFrameworks/InternationalSupport.framework/Versions/A/InternationalSupport
0x00007fff6db00000 	/usr/lib/liblzma.5.dylib
0x00007fff6d77b000 	/usr/lib/libfakelink.dylib
0x00007fff6cab5000 	/usr/lib/libarchive.2.dylib
0x00007fff4348c000 	/System/Library/Frameworks/SystemConfiguration.framework/Versions/A/SystemConfiguration
0x00007fff6c420000 	/usr/lib/libCRFSuite.dylib
0x00007fff342f5000 	/System/Library/Frameworks/CFNetwork.framework/Versions/A/CFNetwork
0x00007fff6cc8b000 	/usr/lib/libbsm.0.dylib
0x00007fff6f9fc000 	/usr/lib/system/libkxld.dylib
0x00007fff49246000 	/System/Library/PrivateFrameworks/AppleFSCompression.framework/Versions/A/AppleFSCompression
0x00007fff6d016000 	/usr/lib/libcoretls.dylib
0x00007fff6d02d000 	/usr/lib/libcoretls_cfhelpers.dylib
0x00007fff6e869000 	/usr/lib/libpam.2.dylib
0x00007fff6e99e000 	/usr/lib/libsqlite3.dylib
0x00007fff6eddd000 	/usr/lib/libxar.1.dylib
0x00007fff6cc9c000 	/usr/lib/libbz2.1.0.dylib
0x00007fff6d79c000 	/usr/lib/libiconv.2.dylib
0x00007fff6cd12000 	/usr/lib/libcharset.1.dylib
0x00007fff6e306000 	/usr/lib/libnetwork.dylib
0x00007fff6e870000 	/usr/lib/libpcap.A.dylib
0x00007fff6ca6a000 	/usr/lib/libapple_nghttp2.dylib
0x00007fff37225000 	/System/Library/Frameworks/CoreServices.framework/Versions/A/Frameworks/FSEvents.framework/Versions/A/FSEvents
0x00007fff36ef5000 	/System/Library/Frameworks/CoreServices.framework/Versions/A/Frameworks/CarbonCore.framework/Versions/A/CarbonCore
0x00007fff37469000 	/System/Library/Frameworks/CoreServices.framework/Versions/A/Frameworks/Metadata.framework/Versions/A/Metadata
0x00007fff37502000 	/System/Library/Frameworks/CoreServices.framework/Versions/A/Frameworks/OSServices.framework/Versions/A/OSServices
0x00007fff37530000 	/System/Library/Frameworks/CoreServices.framework/Versions/A/Frameworks/SearchKit.framework/Versions/A/SearchKit
0x00007fff36e6f000 	/System/Library/Frameworks/CoreServices.framework/Versions/A/Frameworks/AE.framework/Versions/A/AE
0x00007fff3722e000 	/System/Library/Frameworks/CoreServices.framework/Versions/A/Frameworks/LaunchServices.framework/Versions/A/LaunchServices
0x00007fff371d7000 	/System/Library/Frameworks/CoreServices.framework/Versions/A/Frameworks/DictionaryServices.framework/Versions/A/DictionaryServices
0x00007fff37598000 	/System/Library/Frameworks/CoreServices.framework/Versions/A/Frameworks/SharedFileList.framework/Versions/A/SharedFileList
0x00007fff3c429000 	/System/Library/Frameworks/NetFS.framework/Versions/A/NetFS
0x00007fff5cf77000 	/System/Library/PrivateFrameworks/NetAuth.framework/Versions/A/NetAuth
0x00007fff69900000 	/System/Library/PrivateFrameworks/login.framework/Versions/A/Frameworks/loginsupport.framework/Versions/A/loginsupport
0x00007fff6620d000 	/System/Library/PrivateFrameworks/TCC.framework/Versions/A/TCC
0x00007fff4de77000 	/System/Library/PrivateFrameworks/CoreNLP.framework/Versions/A/CoreNLP
0x00007fff5c474000 	/System/Library/PrivateFrameworks/MetadataUtilities.framework/Versions/A/MetadataUtilities
0x00007fff6dbd8000 	/usr/lib/libmecabra.dylib
0x00007fff6db30000 	/usr/lib/libmecab.dylib
0x00007fff6d78c000 	/usr/lib/libgermantok.dylib
0x00007fff6ca51000 	/usr/lib/libThaiTokenizer.dylib
0x00007fff6c457000 	/usr/lib/libChineseTokenizer.dylib
0x00007fff31725000 	/System/Library/Frameworks/Accelerate.framework/Versions/A/Frameworks/vImage.framework/Versions/A/vImage
0x00007fff32b8f000 	/System/Library/Frameworks/Accelerate.framework/Versions/A/Frameworks/vecLib.framework/Versions/A/vecLib
0x00007fff32acc000 	/System/Library/Frameworks/Accelerate.framework/Versions/A/Frameworks/vecLib.framework/Versions/A/libvMisc.dylib
0x00007fff328f4000 	/System/Library/Frameworks/Accelerate.framework/Versions/A/Frameworks/vecLib.framework/Versions/A/libvDSP.dylib
0x00007fff31d7c000 	/System/Library/Frameworks/Accelerate.framework/Versions/A/Frameworks/vecLib.framework/Versions/A/libBLAS.dylib
0x00007fff324b8000 	/System/Library/Frameworks/Accelerate.framework/Versions/A/Frameworks/vecLib.framework/Versions/A/libLAPACK.dylib
0x00007fff32854000 	/System/Library/Frameworks/Accelerate.framework/Versions/A/Frameworks/vecLib.framework/Versions/A/libLinearAlgebra.dylib
0x00007fff328e1000 	/System/Library/Frameworks/Accelerate.framework/Versions/A/Frameworks/vecLib.framework/Versions/A/libSparseBLAS.dylib
0x00007fff3286a000 	/System/Library/Frameworks/Accelerate.framework/Versions/A/Frameworks/vecLib.framework/Versions/A/libQuadrature.dylib
0x00007fff31fe4000 	/System/Library/Frameworks/Accelerate.framework/Versions/A/Frameworks/vecLib.framework/Versions/A/libBNNS.dylib
0x00007fff32870000 	/System/Library/Frameworks/Accelerate.framework/Versions/A/Frameworks/vecLib.framework/Versions/A/libSparse.dylib
0x00007fff5afe8000 	/System/Library/PrivateFrameworks/LanguageModeling.framework/Versions/A/LanguageModeling
0x00007fff4d827000 	/System/Library/PrivateFrameworks/CoreEmoji.framework/Versions/A/CoreEmoji
0x00007fff5b106000 	/System/Library/PrivateFrameworks/LinguisticData.framework/Versions/A/LinguisticData
0x00007fff5b0b7000 	/System/Library/PrivateFrameworks/Lexicon.framework/Versions/A/Lexicon
0x00007fff6cd13000 	/usr/lib/libcmph.dylib
0x00007fff3f018000 	/System/Library/Frameworks/OpenDirectory.framework/Versions/A/Frameworks/CFOpenDirectory.framework/Versions/A/CFOpenDirectory
0x00007fff3f035000 	/System/Library/Frameworks/OpenDirectory.framework/Versions/A/OpenDirectory
0x00007fff47476000 	/System/Library/PrivateFrameworks/APFS.framework/Versions/A/APFS
0x00007fff42725000 	/System/Library/Frameworks/SecurityFoundation.framework/Versions/A/SecurityFoundation
0x00007fff6edd9000 	/usr/lib/libutil.dylib
0x00007fff4ed5c000 	/System/Library/PrivateFrameworks/CoreServicesStore.framework/Versions/A/CoreServicesStore
0x00007fff427dc000 	/System/Library/Frameworks/ServiceManagement.framework/Versions/A/ServiceManagement
0x00007fff4aa16000 	/System/Library/PrivateFrameworks/BackgroundTaskManagement.framework/Versions/A/BackgroundTaskManagement
0x00007fff6eed6000 	/usr/lib/libxslt.1.dylib
0x00007fff498b9000 	/System/Library/PrivateFrameworks/AppleSystemInfo.framework/Versions/A/AppleSystemInfo
0x00007fff38bcd000 	/System/Library/Frameworks/ImageIO.framework/Versions/A/Resources/libJPEG.dylib
0x00007fff38e8c000 	/System/Library/Frameworks/ImageIO.framework/Versions/A/Resources/libTIFF.dylib
0x00007fff38e6f000 	/System/Library/Frameworks/ImageIO.framework/Versions/A/Resources/libPng.dylib
0x00007fff38b0f000 	/System/Library/Frameworks/ImageIO.framework/Versions/A/Resources/libGIF.dylib
0x00007fff38b13000 	/System/Library/Frameworks/ImageIO.framework/Versions/A/Resources/libJP2.dylib
0x00007fff38e8a000 	/System/Library/Frameworks/ImageIO.framework/Versions/A/Resources/libRadiance.dylib
0x00007fff6d755000 	/usr/lib/libexpat.1.dylib
0x00007fff493a1000 	/System/Library/PrivateFrameworks/AppleJPEG.framework/Versions/A/AppleJPEG
0x00007fff5205c000 	/System/Library/PrivateFrameworks/FontServices.framework/libFontParser.dylib
0x00007fff68902000 	/System/Library/PrivateFrameworks/WatchdogClient.framework/Versions/A/WatchdogClient
0x00007fff5a643000 	/System/Library/PrivateFrameworks/IOAccelerator.framework/Versions/A/IOAccelerator
0x00007fff3b399000 	/System/Library/Frameworks/MetalPerformanceShaders.framework/Versions/A/MetalPerformanceShaders
0x00007fff56dd9000 	/System/Library/PrivateFrameworks/GPUWrangler.framework/Versions/A/GPUWrangler
0x00007fff5a658000 	/System/Library/PrivateFrameworks/IOPresentment.framework/Versions/A/IOPresentment
0x00007fff4f8dc000 	/System/Library/PrivateFrameworks/DSExternalDisplay.framework/Versions/A/DSExternalDisplay
0x00007fff3f9a9000 	/System/Library/Frameworks/OpenGL.framework/Versions/A/Libraries/libCoreFSCache.dylib
0x00007fff3b0e5000 	/System/Library/Frameworks/MetalPerformanceShaders.framework/Frameworks/MPSCore.framework/Versions/A/MPSCore
0x00007fff3b123000 	/System/Library/Frameworks/MetalPerformanceShaders.framework/Frameworks/MPSImage.framework/Versions/A/MPSImage
0x00007fff3b1ea000 	/System/Library/Frameworks/MetalPerformanceShaders.framework/Frameworks/MPSNeuralNetwork.framework/Versions/A/MPSNeuralNetwork
0x00007fff3b1ae000 	/System/Library/Frameworks/MetalPerformanceShaders.framework/Frameworks/MPSMatrix.framework/Versions/A/MPSMatrix
0x00007fff3b349000 	/System/Library/Frameworks/MetalPerformanceShaders.framework/Frameworks/MPSRayIntersector.framework/Versions/A/MPSRayIntersector
0x00007fff3b1d4000 	/System/Library/Frameworks/MetalPerformanceShaders.framework/Frameworks/MPSNDArray.framework/Versions/A/MPSNDArray
0x00007fff5c4c1000 	/System/Library/PrivateFrameworks/MetalTools.framework/Versions/A/MetalTools
0x00007fff48650000 	/System/Library/PrivateFrameworks/AggregateDictionary.framework/Versions/A/AggregateDictionary
0x00007fff4d26f000 	/System/Library/PrivateFrameworks/CoreAnalytics.framework/Versions/A/CoreAnalytics
0x00007fff497d8000 	/System/Library/PrivateFrameworks/AppleSauce.framework/Versions/A/AppleSauce
0x00007fff6c713000 	/usr/lib/libIOReport.dylib
0x00007fff37a99000 	/System/Library/Frameworks/CoreVideo.framework/Versions/A/CoreVideo
0x00007fff58252000 	/System/Library/PrivateFrameworks/GraphVisualizer.framework/Versions/A/GraphVisualizer
0x00007fff515a2000 	/System/Library/PrivateFrameworks/FaceCore.framework/Versions/A/FaceCore
0x00007fff3efbf000 	/System/Library/Frameworks/OpenCL.framework/Versions/A/OpenCL
0x00007fff6c535000 	/usr/lib/libFosl_dynamic.dylib
0x00007fff5d997000 	/System/Library/PrivateFrameworks/OTSVG.framework/Versions/A/OTSVG
0x00007fff33c4e000 	/System/Library/Frameworks/ApplicationServices.framework/Versions/A/Frameworks/ATS.framework/Versions/A/Resources/libFontRegistry.dylib
0x00007fff5222d000 	/System/Library/PrivateFrameworks/FontServices.framework/libhvf.dylib
0x00007fff3f9b4000 	/System/Library/Frameworks/OpenGL.framework/Versions/A/Libraries/libGFXShared.dylib
0x00007fff3fb92000 	/System/Library/Frameworks/OpenGL.framework/Versions/A/Libraries/libGLU.dylib
0x00007fff3f9bd000 	/System/Library/Frameworks/OpenGL.framework/Versions/A/Libraries/libGL.dylib
0x00007fff3f9c8000 	/System/Library/Frameworks/OpenGL.framework/Versions/A/Libraries/libGLImage.dylib
0x00007fff3f9a6000 	/System/Library/Frameworks/OpenGL.framework/Versions/A/Libraries/libCVMSPluginSupport.dylib
0x00007fff3f9af000 	/System/Library/Frameworks/OpenGL.framework/Versions/A/Libraries/libCoreVMClient.dylib
0x00007fff6e1a7000 	/usr/lib/libncurses.5.4.dylib
0x00007fff33b4a000 	/System/Library/Frameworks/ApplicationServices.framework/Versions/A/Frameworks/ATS.framework/Versions/A/ATS
0x00007fff33d17000 	/System/Library/Frameworks/ApplicationServices.framework/Versions/A/Frameworks/ColorSyncLegacy.framework/Versions/A/ColorSyncLegacy
0x00007fff33db5000 	/System/Library/Frameworks/ApplicationServices.framework/Versions/A/Frameworks/HIServices.framework/Versions/A/HIServices
0x00007fff33e0d000 	/System/Library/Frameworks/ApplicationServices.framework/Versions/A/Frameworks/LangAnalysis.framework/Versions/A/LangAnalysis
0x00007fff33e1c000 	/System/Library/Frameworks/ApplicationServices.framework/Versions/A/Frameworks/PrintCore.framework/Versions/A/PrintCore
0x00007fff33e62000 	/System/Library/Frameworks/ApplicationServices.framework/Versions/A/Frameworks/QD.framework/Versions/A/QD
0x00007fff33e6d000 	/System/Library/Frameworks/ApplicationServices.framework/Versions/A/Frameworks/SpeechSynthesis.framework/Versions/A/SpeechSynthesis
0x00007fff33ce7000 	/System/Library/Frameworks/ApplicationServices.framework/Versions/A/Frameworks/ATSUI.framework/Versions/A/ATSUI
0x00007fff6d5eb000 	/usr/lib/libcups.2.dylib
0x00007fff3a434000 	/System/Library/Frameworks/Kerberos.framework/Versions/A/Kerberos
0x00007fff38575000 	/System/Library/Frameworks/GSS.framework/Versions/A/GSS
0x00007fff6e92a000 	/usr/lib/libresolv.9.dylib
0x00007fff583ff000 	/System/Library/PrivateFrameworks/Heimdal.framework/Versions/A/Heimdal
0x00007fff3a447000 	/System/Library/Frameworks/Kerberos.framework/Versions/A/Libraries/libHeimdalProxy.dylib
0x00007fff6d792000 	/usr/lib/libheimdal-asn1.dylib
0x00007fff4c707000 	/System/Library/PrivateFrameworks/CommonAuth.framework/Versions/A/CommonAuth
0x00007fff49956000 	/System/Library/PrivateFrameworks/AssertionServices.framework/Versions/A/AssertionServices
0x00007fff4a4f9000 	/System/Library/PrivateFrameworks/AudioToolboxCore.framework/Versions/A/AudioToolboxCore
0x00007fff695b0000 	/System/Library/PrivateFrameworks/caulk.framework/Versions/A/caulk
0x00007fff4aac2000 	/System/Library/PrivateFrameworks/BaseBoard.framework/Versions/A/BaseBoard
0x00007fff61bfa000 	/System/Library/PrivateFrameworks/RunningBoardServices.framework/Versions/A/RunningBoardServices
0x00007fff5ec0b000 	/System/Library/PrivateFrameworks/PersistentConnection.framework/Versions/A/PersistentConnection
0x00007fff615f3000 	/System/Library/PrivateFrameworks/ProtocolBuffer.framework/Versions/A/ProtocolBuffer
0x00007fff4c72b000 	/System/Library/PrivateFrameworks/CommonUtilities.framework/Versions/A/CommonUtilities
0x00007fff4ac50000 	/System/Library/PrivateFrameworks/Bom.framework/Versions/A/Bom
0x00007fff6c3e6000 	/usr/lib/libAudioToolboxUtility.dylib
0x00007fff4aa20000 	/System/Library/PrivateFrameworks/Backup.framework/Versions/A/Backup
0x00007fff4f7fd000 	/System/Library/PrivateFrameworks/CrashReporterSupport.framework/Versions/A/CrashReporterSupport
0x00007fff6368c000 	/System/Library/PrivateFrameworks/Sharing.framework/Versions/A/Sharing
0x00007fff48f64000 	/System/Library/PrivateFrameworks/Apple80211.framework/Versions/A/Apple80211
0x00007fff4a73d000 	/System/Library/PrivateFrameworks/AuthKit.framework/Versions/A/AuthKit
0x00007fff4f50a000 	/System/Library/PrivateFrameworks/CoreUtils.framework/Versions/A/CoreUtils
0x00007fff37ade000 	/System/Library/Frameworks/CoreWLAN.framework/Versions/A/CoreWLAN
0x00007fff38702000 	/System/Library/Frameworks/IOBluetooth.framework/Versions/A/IOBluetooth
0x00007fff5c7c6000 	/System/Library/PrivateFrameworks/MobileKeyBag.framework/Versions/A/MobileKeyBag
0x00007fff4e30f000 	/System/Library/PrivateFrameworks/CorePhoneNumbers.framework/Versions/A/CorePhoneNumbers
0x00007fff49354000 	/System/Library/PrivateFrameworks/AppleIDAuthSupport.framework/Versions/A/AppleIDAuthSupport
0x00007fff3c436000 	/System/Library/Frameworks/Network.framework/Versions/A/Network
0x00007fff5ae94000 	/System/Library/PrivateFrameworks/KeychainCircle.framework/Versions/A/KeychainCircle
0x00007fff3552f000 	/System/Library/Frameworks/CoreBluetooth.framework/Versions/A/CoreBluetooth
0x00007fff6570b000 	/System/Library/PrivateFrameworks/SpeechRecognitionCore.framework/Versions/A/SpeechRecognitionCore
0x000000010f600000 	/Users/student/.p2/pool/plugins/org.eclipse.justj.openjdk.hotspot.jre.full.macosx.x86_64_15.0.2.v20210201-0955/jre/lib/server/libjvm.dylib
0x000000010ec6f000 	/Users/student/.p2/pool/plugins/org.eclipse.justj.openjdk.hotspot.jre.full.macosx.x86_64_15.0.2.v20210201-0955/jre/lib/libjimage.dylib
0x000000010ec7d000 	/Users/student/.p2/pool/plugins/org.eclipse.justj.openjdk.hotspot.jre.full.macosx.x86_64_15.0.2.v20210201-0955/jre/lib/libjdwp.dylib
0x000000010ecc1000 	/Users/student/.p2/pool/plugins/org.eclipse.justj.openjdk.hotspot.jre.full.macosx.x86_64_15.0.2.v20210201-0955/jre/lib/libjava.dylib
0x000000010ecec000 	/Users/student/.p2/pool/plugins/org.eclipse.justj.openjdk.hotspot.jre.full.macosx.x86_64_15.0.2.v20210201-0955/jre/lib/libinstrument.dylib
0x000000010ed95000 	/Users/student/.p2/pool/plugins/org.eclipse.justj.openjdk.hotspot.jre.full.macosx.x86_64_15.0.2.v20210201-0955/jre/lib/libzip.dylib
0x000000010edb2000 	/Users/student/.p2/pool/plugins/org.eclipse.justj.openjdk.hotspot.jre.full.macosx.x86_64_15.0.2.v20210201-0955/jre/lib/libdt_socket.dylib
0x000000010edbe000 	/Users/student/.p2/pool/plugins/org.eclipse.justj.openjdk.hotspot.jre.full.macosx.x86_64_15.0.2.v20210201-0955/jre/lib/libnio.dylib
0x000000010edd2000 	/Users/student/.p2/pool/plugins/org.eclipse.justj.openjdk.hotspot.jre.full.macosx.x86_64_15.0.2.v20210201-0955/jre/lib/libnet.dylib
0x000000010edeb000 	/Users/student/.p2/pool/plugins/org.eclipse.justj.openjdk.hotspot.jre.full.macosx.x86_64_15.0.2.v20210201-0955/jre/lib/libverify.dylib


VM Arguments:
jvm_args: -XX:+ShowCodeDetailsInExceptionMessages -agentlib:jdwp=transport=dt_socket,suspend=y,address=localhost:49745 -javaagent:/Users/student/eclipse/jee-2020-12/Eclipse.app/Contents/Eclipse/configuration/org.eclipse.osgi/398/0/.cp/lib/javaagent-shaded.jar -Dfile.encoding=UTF-8 
java_command: codePractice.BoardBattleShip
java_class_path (initial): /Users/student/Desktop/JavaRepo/javaExtraPracticeOld/bin
Launcher Type: SUN_STANDARD

[Global flags]
     intx CICompilerCount                          = 3                                         {product} {ergonomic}
     uint ConcGCThreads                            = 1                                         {product} {ergonomic}
     uint G1ConcRefinementThreads                  = 4                                         {product} {ergonomic}
   size_t G1HeapRegionSize                         = 1048576                                   {product} {ergonomic}
    uintx GCDrainStackTargetSize                   = 64                                        {product} {ergonomic}
   size_t InitialHeapSize                          = 134217728                                 {product} {ergonomic}
   size_t MarkStackSize                            = 4194304                                   {product} {ergonomic}
   size_t MaxHeapSize                              = 2147483648                                {product} {ergonomic}
   size_t MaxNewSize                               = 1287651328                                {product} {ergonomic}
   size_t MinHeapDeltaBytes                        = 1048576                                   {product} {ergonomic}
   size_t MinHeapSize                              = 8388608                                   {product} {ergonomic}
    uintx NonNMethodCodeHeapSize                   = 5832780                                {pd product} {ergonomic}
    uintx NonProfiledCodeHeapSize                  = 122912730                              {pd product} {ergonomic}
    uintx ProfiledCodeHeapSize                     = 122912730                              {pd product} {ergonomic}
    uintx ReservedCodeCacheSize                    = 251658240                              {pd product} {ergonomic}
     bool SegmentedCodeCache                       = true                                      {product} {ergonomic}
     bool ShowCodeDetailsInExceptionMessages       = true                                   {manageable} {command line}
   size_t SoftMaxHeapSize                          = 2147483648                             {manageable} {ergonomic}
     bool UseCompressedClassPointers               = true                                 {lp64_product} {ergonomic}
     bool UseCompressedOops                        = true                                 {lp64_product} {ergonomic}
     bool UseG1GC                                  = true                                      {product} {ergonomic}
     bool UseNUMA                                  = false                                     {product} {ergonomic}
     bool UseNUMAInterleaving                      = false                                     {product} {ergonomic}

Logging:
Log output configuration:
 #0: stdout all=warning uptime,level,tags
 #1: stderr all=off uptime,level,tags

Environment Variables:
PATH=/usr/bin:/bin:/usr/sbin:/sbin
SHELL=/bin/zsh

Signal Handlers:
SIGSEGV: [libjvm.dylib+0xa01020], sa_mask[0]=11111111011111110111111111111111, sa_flags=SA_ONSTACK|SA_RESTART|SA_SIGINFO
SIGBUS: [libjvm.dylib+0xa01020], sa_mask[0]=11111111011111110111111111111111, sa_flags=SA_RESTART|SA_SIGINFO
SIGFPE: [libjvm.dylib+0xa01020], sa_mask[0]=11111111011111110111111111111111, sa_flags=SA_RESTART|SA_SIGINFO
SIGPIPE: [libjvm.dylib+0x82c500], sa_mask[0]=11111111011111110111111111111111, sa_flags=SA_RESTART|SA_SIGINFO
SIGXFSZ: [libjvm.dylib+0x82c500], sa_mask[0]=11111111011111110111111111111111, sa_flags=SA_RESTART|SA_SIGINFO
SIGILL: [libjvm.dylib+0xa01020], sa_mask[0]=11111111011111110111111111111111, sa_flags=SA_RESTART|SA_SIGINFO
SIGUSR2: [libjvm.dylib+0x82d010], sa_mask[0]=00100000000000000000000000000000, sa_flags=SA_RESTART|SA_SIGINFO
SIGHUP: [libjvm.dylib+0x82b710], sa_mask[0]=11111111011111110111111111111111, sa_flags=SA_RESTART|SA_SIGINFO
SIGINT: [libjvm.dylib+0x82b710], sa_mask[0]=11111111011111110111111111111111, sa_flags=SA_RESTART|SA_SIGINFO
SIGTERM: [libjvm.dylib+0x82b710], sa_mask[0]=11111111011111110111111111111111, sa_flags=SA_RESTART|SA_SIGINFO
SIGQUIT: [libjvm.dylib+0x82b710], sa_mask[0]=11111111011111110111111111111111, sa_flags=SA_RESTART|SA_SIGINFO


---------------  S Y S T E M  ---------------

OS:uname: Darwin 19.6.0 Darwin Kernel Version 19.6.0: Mon Aug 31 22:12:52 PDT 2020; root:xnu-6153.141.2~1/RELEASE_X86_64 x86_64
OS uptime: 5 days 0:24 hours
rlimit (soft/hard): STACK 8192k/65532k , CORE 0k/infinity , NPROC 1392/2088 , NOFILE 10240/infinity , AS infinity/infinity , CPU infinity/infinity , DATA infinity/infinity , FSIZE infinity/infinity , MEMLOCK infinity/infinity , RSS infinity/infinity
load average: 1.99 2.12 2.55

CPU: total 4 (initial active 4) (2 cores per cpu, 2 threads per core) family 6 model 142 stepping 9 microcode 0xd6, cmov, cx8, fxsr, mmx, sse, sse2, sse3, ssse3, sse4.1, sse4.2, popcnt, vzeroupper, avx, avx2, aes, clmul, erms, 3dnowpref, lzcnt, ht, tsc, tscinvbit, bmi1, bmi2, adx, fma, clflush, clflushopt

Memory: 4k page, physical 8388608k(29296k free), swap 4194304k(1399296k free)

vm_info: OpenJDK 64-Bit Server VM (15.0.2+7-27) for bsd-amd64 JRE (15.0.2+7-27), built on Dec  7 2020 20:01:12 by "mach5one" with clang 4.2.1 Compatible Apple LLVM 10.0.0 (clang-1000.11.45.5)

END.
